[WARNING] 
[WARNING] Some problems were encountered while building the effective settings
[WARNING] 'profiles.profile[github].repositories.repository.id' must be unique but found duplicate repository with id github @ /Users/kevinchappell/.m2/settings.xml
[WARNING] 
[INFO] Scanning for projects...
[INFO] 
[INFO] ----------------< org.liquibase:liquibase-test-harness >----------------
[INFO] Building Liquibase Test Harness 1.1.0-SNAPSHOT
[INFO]   from pom.xml
[INFO] --------------------------------[ jar ]---------------------------------
Downloading from github: https://maven.pkg.github.com/liquibase/liquibase-pro/org/liquibase/liquibase-standard/0-SNAPSHOT/maven-metadata.xml
[WARNING] Could not transfer metadata org.liquibase:liquibase-standard:0-SNAPSHOT/maven-metadata.xml from/to github (https://maven.pkg.github.com/liquibase/liquibase-pro): status code: 401, reason phrase: Unauthorized (401)
[WARNING] org.liquibase:liquibase-standard:0-SNAPSHOT/maven-metadata.xml failed to transfer from https://maven.pkg.github.com/liquibase/liquibase-pro during a previous attempt. This failure was cached in the local repository and resolution will not be reattempted until the update interval of github has elapsed or updates are forced. Original error: Could not transfer metadata org.liquibase:liquibase-standard:0-SNAPSHOT/maven-metadata.xml from/to github (https://maven.pkg.github.com/liquibase/liquibase-pro): status code: 401, reason phrase: Unauthorized (401)
[INFO] 
[INFO] --- enforcer:3.6.1:enforce (enforce-maven) @ liquibase-test-harness ---
[INFO] Rule 0: org.apache.maven.enforcer.rules.version.RequireJavaVersion passed
[INFO] 
[INFO] --- gplus:4.2.1:addSources (default) @ liquibase-test-harness ---
[INFO] 
[INFO] --- gplus:4.2.1:addTestSources (default) @ liquibase-test-harness ---
[INFO] 
[INFO] --- resources:3.3.1:resources (default-resources) @ liquibase-test-harness ---
[INFO] Copying 3282 resources from src/main/resources to target/classes
[INFO] 
[INFO] --- compiler:3.14.0:compile (default-compile) @ liquibase-test-harness ---
[INFO] Nothing to compile - all classes are up to date.
[INFO] 
[INFO] --- gplus:4.2.1:compile (default) @ liquibase-test-harness ---
[INFO] Using isolated classloader, without GMavenPlus classpath.
[INFO] Using Groovy 4.0.27 to perform compile.
[INFO] invokedynamic enabled.
[INFO] Parallel parsing enabled.
[INFO] Compiled 73 files.
[INFO] 
[INFO] --- resources:3.3.1:testResources (default-testResources) @ liquibase-test-harness ---
[INFO] Copying 144 resources from src/test/resources to target/test-classes
[INFO] 
[INFO] --- compiler:3.14.0:testCompile (default-testCompile) @ liquibase-test-harness ---
[INFO] Recompiling the module because of changed dependency.
[INFO] 
[INFO] --- gplus:4.2.1:compileTests (default) @ liquibase-test-harness ---
[INFO] Using isolated classloader, without GMavenPlus classpath.
[INFO] Using Groovy 4.0.27 to perform compileTests.
[INFO] invokedynamic enabled.
[INFO] Parallel parsing enabled.
[INFO] Compiled 12 files.
[INFO] 
[INFO] --- surefire:3.5.3:test (default-test) @ liquibase-test-harness ---
[INFO] Using auto detected provider org.apache.maven.surefire.junitplatform.JUnitPlatformProvider
[INFO] 
[INFO] -------------------------------------------------------
[INFO]  T E S T S
[INFO] -------------------------------------------------------
Jul 25, 2025 2:55:45 PM org.codehaus.groovy.vmplugin.v8.IndyInterface fromCache
INFO: Revalidate SQL: true
[INFO] Running liquibase.harness.ChangeObjectTests
Only xml input files are taken into account for this test run
Jul 25, 2025 2:55:46 PM net.snowflake.client.core.SFSession open
INFO: Opening session with server: https://LWMNXLH-AUB54519.snowflakecomputing.com:443/, account: LWMNXLH-AUB54519, user: KevinAtLiquibase, password is provided, role: LIQUIBASE_TEST_HARNESS_ROLE, database: LTHDB, schema: TESTHARNESS, warehouse: LTHDB_TEST_WH, validate default parameters: null, authenticator: null, ocsp mode: FAIL_OPEN, passcode in password: null, passcode is not provided, private key is not provided, disable socks proxy: null, application: Liquibase, app id: JDBC, app version: 3.23.1, login timeout: null, retry timeout: null, network timeout: null, query timeout: null, connection timeout: null, socket timeout: null, tracing: null, private key file: null, private key pwd is not provided, enable_diagnostics: not provided, diagnostics_allowlist_path: null, session parameters: client store temporary credential: null, gzip disabled: null, browser response timeout: null
Jul 25, 2025 2:55:46 PM net.snowflake.client.core.SFSession open
INFO: Connecting to GLOBAL Snowflake domain
Jul 25, 2025 2:55:46 PM net.snowflake.client.core.FileUtil logWarnWhenAccessibleByOthers
WARNING: Cache file creation: File /Users/kevinchappell/Library/Caches/Snowflake/ocsp_response_cache.json is accessible by others to:
Jul 25, 2025 2:55:46 PM net.snowflake.client.core.FileUtil logWarnWhenAccessibleByOthers
WARNING: Read cache: File /Users/kevinchappell/Library/Caches/Snowflake/ocsp_response_cache.json is accessible by others to:
Jul 25, 2025 2:55:46 PM net.snowflake.client.core.FileUtil logWarnWhenAccessibleByOthers
WARNING: Write to cache: File /Users/kevinchappell/Library/Caches/Snowflake/ocsp_response_cache.json is accessible by others to:
Jul 25, 2025 2:55:48 PM liquibase.database
INFO: Set default schema name to TESTHARNESS
Jul 25, 2025 2:55:50 PM liquibase.lockservice
INFO: Successfully released change log lock
Jul 25, 2025 2:55:51 PM org.codehaus.groovy.vmplugin.v8.IndyInterface fromCache
SEVERE: Provided database name/majorVersion doesn't match with actual        
    provided: snowflake latest        
    actual: snowflake         9
Jul 25, 2025 2:55:51 PM org.codehaus.groovy.vmplugin.v8.IndyInterface fromCache
INFO: Found 83 changeLogs for snowflake/latest in liquibase/harness/change/changelogs
[ERROR] Tests run: 2, Failures: 1, Errors: 0, Skipped: 0, Time elapsed: 5.849 s <<< FAILURE! -- in liquibase.harness.ChangeObjectTests
[ERROR] liquibase.harness.ChangeObjectTests.apply createTableSnowflakeTest against snowflake latest -- Time elapsed: 0.151 s <<< FAILURE!
Condition not satisfied:

shouldRunChangeSet
|
false

No expectedSnapshot for createTableSnowflakeTest!

	at liquibase.harness.change.ChangeObjectTests.apply #testInput.changeObject against #testInput.databaseName #testInput.version(ChangeObjectTests.groovy:51)

[INFO] 
[INFO] Results:
[INFO] 
[ERROR] Failures: 
[ERROR]   ChangeObjectTests>ChangeObjectTests.apply #testInput.changeObject against #testInput.databaseName #testInput.version:51 Condition not satisfied:

shouldRunChangeSet
|
false

No expectedSnapshot for createTableSnowflakeTest!

[INFO] 
[ERROR] Tests run: 2, Failures: 1, Errors: 0, Skipped: 0
[INFO] 
[INFO] ------------------------------------------------------------------------
[INFO] BUILD FAILURE
[INFO] ------------------------------------------------------------------------
[INFO] Total time:  11.829 s
[INFO] Finished at: 2025-07-25T14:55:52-05:00
[INFO] ------------------------------------------------------------------------
[ERROR] Failed to execute goal org.apache.maven.plugins:maven-surefire-plugin:3.5.3:test (default-test) on project liquibase-test-harness: There are test failures.
[ERROR] 
[ERROR] See /Users/kevinchappell/Documents/GitHub/liquibase-test-harness/target/surefire-reports for the individual test results.
[ERROR] See dump files (if any exist) [date].dump, [date]-jvmRun[N].dump and [date].dumpstream.
[ERROR] -> [Help 1]
[ERROR] 
[ERROR] To see the full stack trace of the errors, re-run Maven with the -e switch.
[ERROR] Re-run Maven using the -X switch to enable full debug logging.
[ERROR] 
[ERROR] For more information about the errors and possible solutions, please read the following articles:
[ERROR] [Help 1] http://cwiki.apache.org/confluence/display/MAVEN/MojoFailureException
